android/sunmi-print-agent/app/build/intermediates/manifest_merge_blame_file/debug/processDebugMainManifest/manifest-merger-blame-debug-report.txt
1<?xml version="1.0" encoding="utf-8"?>
2<manifest xmlns:android="http://schemas.android.com/apk/res/android"
3    package="it.menuary.sunmiprintagent"
4    android:versionCode="1"
5    android:versionName="0.1.0" >
6
7    <uses-sdk
8        android:minSdkVersion="23"
9        android:targetSdkVersion="35" />
10
11    <queries>
11-->src/main/AndroidManifest.xml:2:5-4:15
12        <package android:name="woyou.aidlservice.jiuiv5" />
12-->src/main/AndroidManifest.xml:3:9-60
12-->src/main/AndroidManifest.xml:3:18-57
13    </queries>
14
15    <uses-permission android:name="android.permission.INTERNET" />
15-->src/main/AndroidManifest.xml:6:5-67
15-->src/main/AndroidManifest.xml:6:22-64
16    <uses-permission android:name="android.permission.ACCESS_NETWORK_STATE" />
16-->src/main/AndroidManifest.xml:7:5-79
16-->src/main/AndroidManifest.xml:7:22-76
17    <uses-permission android:name="android.permission.FOREGROUND_SERVICE" />
17-->src/main/AndroidManifest.xml:8:5-77
17-->src/main/AndroidManifest.xml:8:22-74
18    <uses-permission android:name="android.permission.FOREGROUND_SERVICE_DATA_SYNC" />
18-->src/main/AndroidManifest.xml:9:5-87
18-->src/main/AndroidManifest.xml:9:22-84
19    <uses-permission android:name="android.permission.POST_NOTIFICATIONS" />
19-->src/main/AndroidManifest.xml:10:5-77
19-->src/main/AndroidManifest.xml:10:22-74
20    <uses-permission android:name="android.permission.RECEIVE_BOOT_COMPLETED" />
20-->src/main/AndroidManifest.xml:11:5-81
20-->src/main/AndroidManifest.xml:11:22-78
21
22    <application
22-->src/main/AndroidManifest.xml:13:5-41:19
23        android:allowBackup="false"
23-->src/main/AndroidManifest.xml:14:9-36
24        android:debuggable="true"
25        android:extractNativeLibs="false"
26        android:icon="@mipmap/ic_launcher"
26-->src/main/AndroidManifest.xml:15:9-43
27        android:label="Menuary Print Agent"
27-->src/main/AndroidManifest.xml:16:9-44
28        android:roundIcon="@mipmap/ic_launcher_round"
28-->src/main/AndroidManifest.xml:17:9-54
29        android:theme="@style/AppTheme" >
29-->src/main/AndroidManifest.xml:18:9-40
30        <activity
30-->src/main/AndroidManifest.xml:19:9-26:20
31            android:name="it.menuary.sunmiprintagent.MainActivity"
31-->src/main/AndroidManifest.xml:20:13-41
32            android:exported="true" >
32-->src/main/AndroidManifest.xml:21:13-36
33            <intent-filter>
33-->src/main/AndroidManifest.xml:22:13-25:29
34                <action android:name="android.intent.action.MAIN" />
34-->src/main/AndroidManifest.xml:23:17-69
34-->src/main/AndroidManifest.xml:23:25-66
35
36                <category android:name="android.intent.category.LAUNCHER" />
36-->src/main/AndroidManifest.xml:24:17-77
36-->src/main/AndroidManifest.xml:24:27-74
37            </intent-filter>
38        </activity>
39
40        <service
40-->src/main/AndroidManifest.xml:28:9-31:56
41            android:name="it.menuary.sunmiprintagent.PrintPollService"
41-->src/main/AndroidManifest.xml:29:13-45
42            android:exported="false"
42-->src/main/AndroidManifest.xml:30:13-37
43            android:foregroundServiceType="dataSync" />
43-->src/main/AndroidManifest.xml:31:13-53
44
45        <receiver
45-->src/main/AndroidManifest.xml:33:9-40:20
46            android:name="it.menuary.sunmiprintagent.BootReceiver"
46-->src/main/AndroidManifest.xml:34:13-41
47            android:enabled="true"
47-->src/main/AndroidManifest.xml:35:13-35
48            android:exported="false" >
48-->src/main/AndroidManifest.xml:36:13-37
49            <intent-filter>
49-->src/main/AndroidManifest.xml:37:13-39:29
50                <action android:name="android.intent.action.BOOT_COMPLETED" />
50-->src/main/AndroidManifest.xml:38:17-79
50-->src/main/AndroidManifest.xml:38:25-76
51            </intent-filter>
52        </receiver>
53    </application>
54
55</manifest>